<testsuites id="" name="" tests="2" failures="0" skipped="0" errors="0" time="30.941017">
<testsuite name="file-publication-data.spec.ts" timestamp="2025-11-13T16:05:40.513Z" hostname="chromium" tests="2" failures="0" skipped="0" time="0.2" errors="0">
<testcase name="File Publication Data Endpoint › given language variants › should include English language label for English artefact" classname="file-publication-data.spec.ts" time="0.142">
</testcase>
<testcase name="File Publication Data Endpoint › given language variants › should include Welsh language label for Welsh artefact" classname="file-publication-data.spec.ts" time="0.058">
<system-out>
<![CDATA[[31mprisma:error[39m 
Invalid `prisma.artefact.delete()` invocation:


An operation failed because it depends on one or more records that were required but not found. No record was found for a delete.
[31mprisma:error[39m 
Invalid `prisma.artefact.delete()` invocation:


An operation failed because it depends on one or more records that were required but not found. No record was found for a delete.
]]>
</system-out>
</testcase>
</testsuite>
</testsuites>